[2024-12-18T08:30:03.358376+00:00] emensa.INFO: Zugriff auf die Hauptseite ["IP: ::1"] []
[2024-12-18T08:30:57.742128+00:00] emensa.INFO: Administrator hat angemeldet. ["IP: ::1"] []
[2024-12-18T08:31:17.865649+00:00] emensa.INFO: Zugriff auf die Hauptseite ["IP: ::1"] []
[2024-12-18T08:31:41.316898+00:00] emensa.INFO: Administrator hat abgemeldet. ["IP: ::1"] []
[2024-12-18T08:31:41.332269+00:00] emensa.INFO: Zugriff auf die Hauptseite ["IP: ::1"] []
[2024-12-18T08:31:47.855132+00:00] emensa.WARNING: Administrator hat fehlgeschlagenen angemeldet!! ["IP: ::1"] []
[2024-12-18T08:32:33.448356+00:00] emensa.INFO: Zugriff auf die Hauptseite ["IP: ::1"] []
[2024-12-18T09:17:31.513784+00:00] emensa.INFO: Zugriff auf die Hauptseite ["IP: ::1"] []
[2024-12-18T09:18:38.718458+00:00] emensa.INFO: Zugriff auf die Hauptseite ["IP: ::1"] []
[2024-12-18T09:30:07.985862+00:00] emensa.INFO: Zugriff auf die Hauptseite ["IP: ::1"] []
[2024-12-18T09:30:31.399979+00:00] emensa.INFO: Administrator hat angemeldet. ["IP: ::1"] []
[2024-12-18T09:30:49.450227+00:00] emensa.INFO: Administrator hat angemeldet. ["IP: ::1"] []
[2024-12-18T10:27:15.892278+00:00] emensa.INFO: Administrator hat abgemeldet. ["IP: ::1"] []
[2024-12-18T10:27:15.919014+00:00] emensa.INFO: Zugriff auf die Hauptseite ["IP: ::1"] []
[2024-12-18T11:04:49.769835+00:00] emensa.INFO: Zugriff auf die Hauptseite ["IP: ::1"] []
[2024-12-18T11:07:05.377562+00:00] emensa.INFO: Zugriff auf die Hauptseite ["IP: ::1"] []
[2024-12-18T11:08:41.858586+00:00] emensa.INFO: Zugriff auf die Hauptseite ["IP: ::1"] []
[2024-12-18T17:36:45.679657+00:00] emensa.INFO: Zugriff auf die Hauptseite ["IP: ::1"] []
[2024-12-18T17:37:05.841021+00:00] emensa.INFO: Zugriff auf die Hauptseite ["IP: ::1"] []
[2024-12-18T17:40:43.814979+00:00] emensa.INFO: Zugriff auf die Hauptseite ["IP: ::1"] []
[2024-12-19T11:22:58.389684+00:00] emensa.INFO: Zugriff auf die Hauptseite ["IP: ::1"] []
[2024-12-19T11:23:27.185342+00:00] emensa.INFO: Administrator hat angemeldet. ["IP: ::1"] []
[2024-12-19T11:24:06.390369+00:00] emensa.INFO: Zugriff auf die Hauptseite ["IP: ::1"] []
[2024-12-19T11:27:43.570443+00:00] emensa.INFO: Zugriff auf die Hauptseite ["IP: ::1"] []
[2025-01-05T16:25:50.784526+00:00] emensa.INFO: Zugriff auf die Hauptseite ["IP: ::1"] []
[2025-01-05T20:35:17.473865+00:00] emensa.INFO: Zugriff auf die Hauptseite ["IP: ::1"] []
[2025-01-08T16:45:11.657416+00:00] emensa.INFO: Zugriff auf die Hauptseite ["IP: ::1"] []
[2025-01-08T17:09:31.911531+00:00] emensa.INFO: Zugriff auf die Hauptseite ["IP: ::1"] []
[2025-01-08T17:11:14.082034+00:00] emensa.WARNING: Benutzer hat fehlgeschlagenen angemeldet!! ["IP: ::1"] []
[2025-01-08T17:15:00.873383+00:00] emensa.INFO: Zugriff auf die Hauptseite ["IP: ::1"] []
[2025-01-08T17:15:12.504603+00:00] emensa.WARNING: Benutzer hat fehlgeschlagenen angemeldet!! ["IP: ::1"] []
[2025-01-08T17:15:34.608690+00:00] emensa.INFO: Zugriff auf die Hauptseite ["IP: ::1"] []
[2025-01-08T17:15:42.616009+00:00] emensa.INFO: Administrator hat angemeldet. ["IP: ::1"] []
[2025-01-08T17:16:21.285786+00:00] emensa.INFO: Zugriff auf die Hauptseite ["IP: ::1"] []
[2025-01-08T17:17:43.090697+00:00] emensa.INFO: Zugriff auf die Hauptseite ["IP: ::1"] []
[2025-01-08T17:18:07.027151+00:00] emensa.INFO: Zugriff auf die Hauptseite ["IP: ::1"] []
[2025-01-08T17:18:24.763258+00:00] emensa.INFO: Zugriff auf die Hauptseite ["IP: ::1"] []
[2025-01-08T17:26:09.422184+00:00] emensa.INFO: Zugriff auf die Hauptseite ["IP: ::1"] []
[2025-01-08T17:32:24.653691+00:00] emensa.INFO: Zugriff auf die Hauptseite ["IP: ::1"] []
[2025-01-08T17:32:33.766796+00:00] emensa.INFO: Zugriff auf die Hauptseite ["IP: ::1"] []
[2025-01-08T17:32:38.985080+00:00] emensa.INFO: Zugriff auf die Hauptseite ["IP: ::1"] []
[2025-01-08T17:33:49.175129+00:00] emensa.INFO: Zugriff auf die Hauptseite ["IP: ::1"] []
[2025-01-08T17:34:00.377528+00:00] emensa.INFO: Zugriff auf die Hauptseite ["IP: ::1"] []
[2025-01-08T17:37:20.460248+00:00] emensa.INFO: Zugriff auf die Hauptseite ["IP: ::1"] []
[2025-01-08T17:37:23.359873+00:00] emensa.INFO: Administrator hat abgemeldet. ["IP: ::1"] []
[2025-01-08T17:37:23.392131+00:00] emensa.INFO: Zugriff auf die Hauptseite ["IP: ::1"] []
[2025-01-08T17:37:37.080584+00:00] emensa.INFO: Administrator hat angemeldet. ["IP: ::1"] []
[2025-01-08T17:37:49.982162+00:00] emensa.INFO: Zugriff auf die Hauptseite ["IP: ::1"] []
[2025-01-08T17:41:54.185482+00:00] emensa.INFO: Zugriff auf die Hauptseite ["IP: ::1"] []
[2025-01-08T17:42:03.010060+00:00] emensa.INFO: Zugriff auf die Hauptseite ["IP: ::1"] []
[2025-01-08T17:42:05.722339+00:00] emensa.INFO: Administrator hat abgemeldet. ["IP: ::1"] []
[2025-01-08T17:42:05.757022+00:00] emensa.INFO: Zugriff auf die Hauptseite ["IP: ::1"] []
[2025-01-08T17:42:20.609958+00:00] emensa.INFO: Benutzer hat angemeldet. ["IP: ::1"] []
[2025-01-08T17:42:29.613246+00:00] emensa.INFO: Zugriff auf die Hauptseite ["IP: ::1"] []
[2025-01-08T17:42:46.386031+00:00] emensa.INFO: Zugriff auf die Hauptseite ["IP: ::1"] []
[2025-01-08T17:42:50.350500+00:00] emensa.INFO: Zugriff auf die Hauptseite ["IP: ::1"] []
[2025-01-08T17:57:44.851388+00:00] emensa.INFO: Zugriff auf die Hauptseite ["IP: ::1"] []
[2025-01-08T17:58:09.608441+00:00] emensa.INFO: Zugriff auf die Hauptseite ["IP: ::1"] []
[2025-01-08T17:58:22.390452+00:00] emensa.INFO: Zugriff auf die Hauptseite ["IP: ::1"] []
[2025-01-08T18:04:19.825119+00:00] emensa.INFO: Zugriff auf die Hauptseite ["IP: ::1"] []
[2025-01-08T18:06:44.153025+00:00] emensa.INFO: Benutzer hat abgemeldet. ["IP: ::1"] []
[2025-01-08T18:06:44.185261+00:00] emensa.INFO: Zugriff auf die Hauptseite ["IP: ::1"] []
[2025-01-08T18:07:04.507482+00:00] emensa.INFO: Administrator hat angemeldet. ["IP: ::1"] []
[2025-01-08T18:07:04.566041+00:00] emensa.INFO: Zugriff auf die Hauptseite ["IP: ::1"] []
[2025-01-08T18:07:14.554079+00:00] emensa.INFO: Zugriff auf die Hauptseite ["IP: ::1"] []
[2025-01-08T18:07:22.755413+00:00] emensa.INFO: Zugriff auf die Hauptseite ["IP: ::1"] []
[2025-01-08T19:31:06.993549+00:00] emensa.INFO: Zugriff auf die Hauptseite ["IP: ::1"] []
[2025-01-08T19:31:18.568096+00:00] emensa.INFO: Zugriff auf die Hauptseite ["IP: ::1"] []
[2025-01-08T19:31:23.977889+00:00] emensa.INFO: Zugriff auf die Hauptseite ["IP: ::1"] []
